info: [Sun, 06 Jun 2021 19:12:16 GMT] POST /boards 201 query: {} params: {} body: {"title":"Autotest board","columns":[{"title":"Backlog","order":1},{"title":"Sprint","order":2}]} - 12.386 ms

info: [Sun, 06 Jun 2021 19:12:16 GMT] GET /boards 200 query: {} params: {} body: {} - 2.951 ms

info: [Sun, 06 Jun 2021 19:12:16 GMT] GET /boards 200 query: {} params: {} body: {} - 1.276 ms

info: [Sun, 06 Jun 2021 19:12:16 GMT] GET /boards/fe1595b7-89eb-4d14-aff4-d769a33468af 200 query: {} params: {"id":"fe1595b7-89eb-4d14-aff4-d769a33468af"} body: {} - 2.679 ms

info: [Sun, 06 Jun 2021 19:12:16 GMT] POST /boards 201 query: {} params: {} body: {"title":"Autotest board","columns":[{"title":"Backlog","order":1},{"title":"Sprint","order":2}]} - 1.308 ms

info: [Sun, 06 Jun 2021 19:12:16 GMT] DELETE /boards/a8514e6a-3dc5-43f4-9e68-d47e01f1b93a 200 query: {} params: {"id":"a8514e6a-3dc5-43f4-9e68-d47e01f1b93a"} body: {} - 3.849 ms

info: [Sun, 06 Jun 2021 19:12:16 GMT] POST /boards 201 query: {} params: {} body: {"title":"Autotest board","columns":[{"title":"Backlog","order":1},{"title":"Sprint","order":2}]} - 1.632 ms

info: [Sun, 06 Jun 2021 19:12:16 GMT] PUT /boards/2e891255-5f4a-4b28-9e17-2c420ab7fea7 200 query: {} params: {"id":"2e891255-5f4a-4b28-9e17-2c420ab7fea7"} body: {"id":"2e891255-5f4a-4b28-9e17-2c420ab7fea7","title":"Autotest updated board","columns":[{"title":"Backlog","order":1},{"title":"Sprint","order":2}]} - 2.148 ms

info: [Sun, 06 Jun 2021 19:12:16 GMT] GET /boards/2e891255-5f4a-4b28-9e17-2c420ab7fea7 200 query: {} params: {"id":"2e891255-5f4a-4b28-9e17-2c420ab7fea7"} body: {} - 1.733 ms

info: [Sun, 06 Jun 2021 19:12:16 GMT] DELETE /boards/2e891255-5f4a-4b28-9e17-2c420ab7fea7 200 query: {} params: {"id":"2e891255-5f4a-4b28-9e17-2c420ab7fea7"} body: {} - 1.390 ms

info: [Sun, 06 Jun 2021 19:12:16 GMT] POST /boards 201 query: {} params: {} body: {"title":"Autotest board","columns":[{"title":"Backlog","order":1},{"title":"Sprint","order":2}]} - 1.152 ms

info: [Sun, 06 Jun 2021 19:12:16 GMT] DELETE /boards/85c49d70-a787-420d-9b2a-87fc55ad28e8 200 query: {} params: {"id":"85c49d70-a787-420d-9b2a-87fc55ad28e8"} body: {} - 1.214 ms

info: [Sun, 06 Jun 2021 19:12:16 GMT] GET /boards/85c49d70-a787-420d-9b2a-87fc55ad28e8 404 query: {} params: {"id":"85c49d70-a787-420d-9b2a-87fc55ad28e8"} body: {} - 2.852 ms

info: [Sun, 06 Jun 2021 19:12:16 GMT] POST /boards 201 query: {} params: {} body: {"title":"Autotest board","columns":[{"title":"Backlog","order":1},{"title":"Sprint","order":2}]} - 1.264 ms

info: [Sun, 06 Jun 2021 19:12:16 GMT] POST /boards/026ffb1d-cde5-4a97-b3a9-5957c48cc7a4/tasks 201 query: {} params: {} body: {"title":"Task #1","order":1,"description":"Lorem ipsum","boardId":"026ffb1d-cde5-4a97-b3a9-5957c48cc7a4","userId":null,"columnId":null} - 2.438 ms

info: [Sun, 06 Jun 2021 19:12:16 GMT] POST /boards/026ffb1d-cde5-4a97-b3a9-5957c48cc7a4/tasks 201 query: {} params: {} body: {"title":"Task #2","order":2,"description":"Lorem ipsum","boardId":"026ffb1d-cde5-4a97-b3a9-5957c48cc7a4","userId":null,"columnId":null} - 1.358 ms

info: [Sun, 06 Jun 2021 19:12:16 GMT] POST /boards/026ffb1d-cde5-4a97-b3a9-5957c48cc7a4/tasks 201 query: {} params: {} body: {"title":"Task #3","order":3,"description":"Lorem ipsum","boardId":"026ffb1d-cde5-4a97-b3a9-5957c48cc7a4","userId":null,"columnId":null} - 2.087 ms

info: [Sun, 06 Jun 2021 19:12:16 GMT] POST /boards/026ffb1d-cde5-4a97-b3a9-5957c48cc7a4/tasks 201 query: {} params: {} body: {"title":"Task #4","order":4,"description":"Lorem ipsum","boardId":"026ffb1d-cde5-4a97-b3a9-5957c48cc7a4","userId":null,"columnId":null} - 1.539 ms

info: [Sun, 06 Jun 2021 19:12:16 GMT] POST /boards/026ffb1d-cde5-4a97-b3a9-5957c48cc7a4/tasks 201 query: {} params: {} body: {"title":"Task #5","order":5,"description":"Lorem ipsum","boardId":"026ffb1d-cde5-4a97-b3a9-5957c48cc7a4","userId":null,"columnId":null} - 1.094 ms

info: [Sun, 06 Jun 2021 19:12:16 GMT] GET /boards/026ffb1d-cde5-4a97-b3a9-5957c48cc7a4/tasks/edae2b4a-20c0-43d0-982c-a6957bc92e85 200 query: {} params: {"id":"edae2b4a-20c0-43d0-982c-a6957bc92e85"} body: {} - 3.177 ms

info: [Sun, 06 Jun 2021 19:12:16 GMT] GET /boards/026ffb1d-cde5-4a97-b3a9-5957c48cc7a4/tasks/94145649-8a00-40a7-8814-25462a57114c 200 query: {} params: {"id":"94145649-8a00-40a7-8814-25462a57114c"} body: {} - 1.062 ms

info: [Sun, 06 Jun 2021 19:12:16 GMT] GET /boards/026ffb1d-cde5-4a97-b3a9-5957c48cc7a4/tasks/c627e1a6-3e37-4844-b2ac-613c8e62f703 200 query: {} params: {"id":"c627e1a6-3e37-4844-b2ac-613c8e62f703"} body: {} - 0.990 ms

info: [Sun, 06 Jun 2021 19:12:16 GMT] GET /boards/026ffb1d-cde5-4a97-b3a9-5957c48cc7a4/tasks/8452144a-8638-48ae-9b3c-6651ae5f7982 200 query: {} params: {"id":"8452144a-8638-48ae-9b3c-6651ae5f7982"} body: {} - 1.020 ms

info: [Sun, 06 Jun 2021 19:12:16 GMT] GET /boards/026ffb1d-cde5-4a97-b3a9-5957c48cc7a4/tasks/3eb9f3a2-d575-430c-bf2d-fcc48cc23a66 200 query: {} params: {"id":"3eb9f3a2-d575-430c-bf2d-fcc48cc23a66"} body: {} - 3.470 ms

info: [Sun, 06 Jun 2021 19:12:16 GMT] DELETE /boards/026ffb1d-cde5-4a97-b3a9-5957c48cc7a4 200 query: {} params: {"id":"026ffb1d-cde5-4a97-b3a9-5957c48cc7a4"} body: {} - 1.506 ms

info: [Sun, 06 Jun 2021 19:12:16 GMT] GET /boards/026ffb1d-cde5-4a97-b3a9-5957c48cc7a4/tasks/94145649-8a00-40a7-8814-25462a57114c 404 query: {} params: {"id":"94145649-8a00-40a7-8814-25462a57114c"} body: {} - 1.263 ms

info: [Sun, 06 Jun 2021 19:12:16 GMT] GET /boards/026ffb1d-cde5-4a97-b3a9-5957c48cc7a4/tasks/c627e1a6-3e37-4844-b2ac-613c8e62f703 404 query: {} params: {"id":"c627e1a6-3e37-4844-b2ac-613c8e62f703"} body: {} - 1.864 ms

info: [Sun, 06 Jun 2021 19:12:16 GMT] GET /boards/026ffb1d-cde5-4a97-b3a9-5957c48cc7a4/tasks/3eb9f3a2-d575-430c-bf2d-fcc48cc23a66 404 query: {} params: {"id":"3eb9f3a2-d575-430c-bf2d-fcc48cc23a66"} body: {} - 2.565 ms

info: [Sun, 06 Jun 2021 19:12:16 GMT] GET /boards/026ffb1d-cde5-4a97-b3a9-5957c48cc7a4/tasks/8452144a-8638-48ae-9b3c-6651ae5f7982 404 query: {} params: {"id":"8452144a-8638-48ae-9b3c-6651ae5f7982"} body: {} - 1.077 ms

info: [Sun, 06 Jun 2021 19:12:16 GMT] GET /boards/026ffb1d-cde5-4a97-b3a9-5957c48cc7a4/tasks/edae2b4a-20c0-43d0-982c-a6957bc92e85 404 query: {} params: {"id":"edae2b4a-20c0-43d0-982c-a6957bc92e85"} body: {} - 1.702 ms

info: [Sun, 06 Jun 2021 19:12:16 GMT] DELETE /boards/fe1595b7-89eb-4d14-aff4-d769a33468af 200 query: {} params: {"id":"fe1595b7-89eb-4d14-aff4-d769a33468af"} body: {} - 3.273 ms

info: [Sun, 06 Jun 2021 19:12:17 GMT] GET /users 200 query: {} params: {} body: {} - 1.184 ms

info: [Sun, 06 Jun 2021 19:12:17 GMT] POST /users 201 query: {} params: {} body: {"name":"TEST_USER","login":"test_user","password":"T35t_P@55w0rd"} - 1.871 ms

info: [Sun, 06 Jun 2021 19:12:17 GMT] GET /users/b2c92558-31dd-4afd-b98b-67c7155e472a 200 query: {} params: {"id":"b2c92558-31dd-4afd-b98b-67c7155e472a"} body: {} - 1.986 ms

info: [Sun, 06 Jun 2021 19:12:17 GMT] DELETE /users/b2c92558-31dd-4afd-b98b-67c7155e472a 200 query: {} params: {"id":"b2c92558-31dd-4afd-b98b-67c7155e472a"} body: {} - 2.182 ms

info: [Sun, 06 Jun 2021 19:12:17 GMT] POST /users 201 query: {} params: {} body: {"name":"TEST_USER","login":"test_user","password":"T35t_P@55w0rd"} - 0.716 ms

info: [Sun, 06 Jun 2021 19:12:17 GMT] DELETE /users/dc9d77c3-c663-4197-b47c-022347dd14c3 200 query: {} params: {"id":"dc9d77c3-c663-4197-b47c-022347dd14c3"} body: {} - 1.234 ms

info: [Sun, 06 Jun 2021 19:12:17 GMT] POST /users 201 query: {} params: {} body: {"name":"TEST_USER","login":"test_user","password":"T35t_P@55w0rd"} - 0.902 ms

info: [Sun, 06 Jun 2021 19:12:17 GMT] PUT /users/c5b51852-72a7-442d-a266-a7fa6c7d85ae 200 query: {} params: {"id":"c5b51852-72a7-442d-a266-a7fa6c7d85ae"} body: {"name":"Autotest updated TEST_USER","login":"test_user","password":"T35t_P@55w0rd","id":"c5b51852-72a7-442d-a266-a7fa6c7d85ae"} - 1.931 ms

info: [Sun, 06 Jun 2021 19:12:17 GMT] GET /users/c5b51852-72a7-442d-a266-a7fa6c7d85ae 200 query: {} params: {"id":"c5b51852-72a7-442d-a266-a7fa6c7d85ae"} body: {} - 1.158 ms

info: [Sun, 06 Jun 2021 19:12:17 GMT] DELETE /users/c5b51852-72a7-442d-a266-a7fa6c7d85ae 200 query: {} params: {"id":"c5b51852-72a7-442d-a266-a7fa6c7d85ae"} body: {} - 1.502 ms

info: [Sun, 06 Jun 2021 19:12:17 GMT] POST /users 201 query: {} params: {} body: {"name":"TEST_USER","login":"test_user","password":"T35t_P@55w0rd"} - 0.856 ms

info: [Sun, 06 Jun 2021 19:12:17 GMT] DELETE /users/e852b323-a8e0-47d8-9197-22fb4852d06a 200 query: {} params: {"id":"e852b323-a8e0-47d8-9197-22fb4852d06a"} body: {} - 1.181 ms

info: [Sun, 06 Jun 2021 19:12:17 GMT] POST /users 201 query: {} params: {} body: {"name":"TEST_USER","login":"test_user","password":"T35t_P@55w0rd"} - 1.707 ms

info: [Sun, 06 Jun 2021 19:12:17 GMT] POST /boards 201 query: {} params: {} body: {"title":"Autotest board","columns":[{"title":"Backlog","order":1},{"title":"Sprint","order":2}]} - 0.861 ms

info: [Sun, 06 Jun 2021 19:12:17 GMT] POST /boards/863c3924-63ca-46cc-acc4-a51a8494a876/tasks 201 query: {} params: {} body: {"title":"Task #1","order":1,"description":"Lorem ipsum","userId":"5b39b3dd-78a2-4043-815f-470702b54890","boardId":"863c3924-63ca-46cc-acc4-a51a8494a876"} - 1.505 ms

info: [Sun, 06 Jun 2021 19:12:17 GMT] POST /boards/863c3924-63ca-46cc-acc4-a51a8494a876/tasks 201 query: {} params: {} body: {"title":"Task #2","order":2,"description":"Lorem ipsum","userId":"5b39b3dd-78a2-4043-815f-470702b54890","boardId":"863c3924-63ca-46cc-acc4-a51a8494a876"} - 1.112 ms

info: [Sun, 06 Jun 2021 19:12:17 GMT] DELETE /users/5b39b3dd-78a2-4043-815f-470702b54890 200 query: {} params: {"id":"5b39b3dd-78a2-4043-815f-470702b54890"} body: {} - 2.020 ms

info: [Sun, 06 Jun 2021 19:12:17 GMT] GET /boards/863c3924-63ca-46cc-acc4-a51a8494a876/tasks/fc9fd4f0-b0fd-4437-a061-278361b12229 200 query: {} params: {"id":"fc9fd4f0-b0fd-4437-a061-278361b12229"} body: {} - 0.892 ms

info: [Sun, 06 Jun 2021 19:12:17 GMT] GET /boards/863c3924-63ca-46cc-acc4-a51a8494a876/tasks/ef512fe7-8271-4625-9629-ffb71c81b4fd 200 query: {} params: {"id":"ef512fe7-8271-4625-9629-ffb71c81b4fd"} body: {} - 2.401 ms

info: [Sun, 06 Jun 2021 19:12:17 GMT] DELETE /boards/863c3924-63ca-46cc-acc4-a51a8494a876/tasks/fc9fd4f0-b0fd-4437-a061-278361b12229 200 query: {} params: {"id":"fc9fd4f0-b0fd-4437-a061-278361b12229"} body: {} - 2.229 ms

info: [Sun, 06 Jun 2021 19:12:17 GMT] DELETE /boards/863c3924-63ca-46cc-acc4-a51a8494a876/tasks/ef512fe7-8271-4625-9629-ffb71c81b4fd 200 query: {} params: {"id":"ef512fe7-8271-4625-9629-ffb71c81b4fd"} body: {} - 1.075 ms

info: [Sun, 06 Jun 2021 19:12:17 GMT] DELETE /boards/863c3924-63ca-46cc-acc4-a51a8494a876 200 query: {} params: {"id":"863c3924-63ca-46cc-acc4-a51a8494a876"} body: {} - 0.968 ms

info: [Sun, 06 Jun 2021 19:12:18 GMT] POST /boards 201 query: {} params: {} body: {"title":"Autotest board","columns":[{"title":"Backlog","order":1},{"title":"Sprint","order":2}]} - 0.755 ms

info: [Sun, 06 Jun 2021 19:12:18 GMT] POST /boards/c5e9bef3-3334-4b3f-9642-6a02d790fc93/tasks 201 query: {} params: {} body: {"title":"Autotest task","order":0,"description":"Lorem ipsum","userId":null,"boardId":null,"columnId":null} - 0.820 ms

info: [Sun, 06 Jun 2021 19:12:18 GMT] GET /boards/c5e9bef3-3334-4b3f-9642-6a02d790fc93/tasks 200 query: {} params: {} body: {} - 1.239 ms

info: [Sun, 06 Jun 2021 19:12:18 GMT] GET /boards/c5e9bef3-3334-4b3f-9642-6a02d790fc93/tasks 200 query: {} params: {} body: {} - 0.956 ms

info: [Sun, 06 Jun 2021 19:12:18 GMT] GET /boards/c5e9bef3-3334-4b3f-9642-6a02d790fc93/tasks/d4e29487-e7d7-4d73-9353-96d8aa9dc70b 200 query: {} params: {"id":"d4e29487-e7d7-4d73-9353-96d8aa9dc70b"} body: {} - 1.207 ms

info: [Sun, 06 Jun 2021 19:12:18 GMT] POST /boards/c5e9bef3-3334-4b3f-9642-6a02d790fc93/tasks 201 query: {} params: {} body: {"title":"Autotest task","order":0,"description":"Lorem ipsum","userId":null,"boardId":null,"columnId":null} - 1.435 ms

info: [Sun, 06 Jun 2021 19:12:18 GMT] DELETE /boards/c5e9bef3-3334-4b3f-9642-6a02d790fc93/tasks/59622ded-352e-47d8-9ac8-f9352448f8ba 200 query: {} params: {"id":"59622ded-352e-47d8-9ac8-f9352448f8ba"} body: {} - 1.495 ms

info: [Sun, 06 Jun 2021 19:12:18 GMT] POST /boards/c5e9bef3-3334-4b3f-9642-6a02d790fc93/tasks 201 query: {} params: {} body: {"title":"Autotest task","order":0,"description":"Lorem ipsum","userId":null,"boardId":null,"columnId":null} - 3.577 ms

info: [Sun, 06 Jun 2021 19:12:18 GMT] PUT /boards/c5e9bef3-3334-4b3f-9642-6a02d790fc93/tasks/e0d77ac5-001c-4cec-b32e-6919e5c89a01 200 query: {} params: {"id":"e0d77ac5-001c-4cec-b32e-6919e5c89a01"} body: {"id":"e0d77ac5-001c-4cec-b32e-6919e5c89a01","title":"Autotest updated task","order":0,"description":"Lorem ipsum","userId":null,"boardId":"c5e9bef3-3334-4b3f-9642-6a02d790fc93","columnId":null} - 2.427 ms

info: [Sun, 06 Jun 2021 19:12:18 GMT] GET /boards/c5e9bef3-3334-4b3f-9642-6a02d790fc93/tasks/e0d77ac5-001c-4cec-b32e-6919e5c89a01 200 query: {} params: {"id":"e0d77ac5-001c-4cec-b32e-6919e5c89a01"} body: {} - 1.022 ms

info: [Sun, 06 Jun 2021 19:12:18 GMT] GET /boards/c5e9bef3-3334-4b3f-9642-6a02d790fc93/tasks/d4e29487-e7d7-4d73-9353-96d8aa9dc70b 200 query: {} params: {"id":"d4e29487-e7d7-4d73-9353-96d8aa9dc70b"} body: {} - 0.909 ms

info: [Sun, 06 Jun 2021 19:12:18 GMT] DELETE /boards/c5e9bef3-3334-4b3f-9642-6a02d790fc93/tasks/d4e29487-e7d7-4d73-9353-96d8aa9dc70b 200 query: {} params: {"id":"d4e29487-e7d7-4d73-9353-96d8aa9dc70b"} body: {} - 0.831 ms

info: [Sun, 06 Jun 2021 19:12:18 GMT] GET /boards/c5e9bef3-3334-4b3f-9642-6a02d790fc93/tasks/d4e29487-e7d7-4d73-9353-96d8aa9dc70b 404 query: {} params: {"id":"d4e29487-e7d7-4d73-9353-96d8aa9dc70b"} body: {} - 1.299 ms

info: [Sun, 06 Jun 2021 19:12:18 GMT] DELETE /boards/c5e9bef3-3334-4b3f-9642-6a02d790fc93 200 query: {} params: {"id":"c5e9bef3-3334-4b3f-9642-6a02d790fc93"} body: {} - 0.856 ms

